C:\Program Files (x86)\Intel RealSense SDK 2.0\samples\dnn\dnn.vcxproj(76,5): warning MSB4011: 无法再次导入“C:\Program Files (x86)\Intel RealSense SDK 2.0\intel.realsense.props”。可能已在“C:\Users\sw\AppData\Local\Microsoft\MSBuild\v4.0\Microsoft.Cpp.x64.user.props (4,5)”处导入过它。这很可能是生成创作错误。将忽略此后续导入。
  rs-dnn.cpp
c:\program files (x86)\intel realsense sdk 2.0\samples\dnn\rs-dnn.cpp(76): warning C4244: “=”: 从“unsigned __int64”转换到“int”，可能丢失数据
  dnn.vcxproj -> C:\Program Files (x86)\Intel RealSense SDK 2.0\samples\x64\Debug\dnn.exe
  dnn.vcxproj -> C:\Program Files (x86)\Intel RealSense SDK 2.0\samples\x64\Debug\dnn.pdb (Partial PDB)
  C:\Program Files (x86)\Intel RealSense SDK 2.0\bin\x64\realsense2.dll
  复制了 1 个文件
  C:\Program Files (x86)\Intel RealSense SDK 2.0\third-party\opencv-3.4\\bin\x64\Debug\opencv_calib3d341d.dll
  C:\Program Files (x86)\Intel RealSense SDK 2.0\third-party\opencv-3.4\\bin\x64\Debug\opencv_core341d.dll
  C:\Program Files (x86)\Intel RealSense SDK 2.0\third-party\opencv-3.4\\bin\x64\Debug\opencv_dnn341d.dll
  C:\Program Files (x86)\Intel RealSense SDK 2.0\third-party\opencv-3.4\\bin\x64\Debug\opencv_features2d341d.dll
  C:\Program Files (x86)\Intel RealSense SDK 2.0\third-party\opencv-3.4\\bin\x64\Debug\opencv_flann341d.dll
  C:\Program Files (x86)\Intel RealSense SDK 2.0\third-party\opencv-3.4\\bin\x64\Debug\opencv_highgui341d.dll
  C:\Program Files (x86)\Intel RealSense SDK 2.0\third-party\opencv-3.4\\bin\x64\Debug\opencv_imgcodecs341d.dll
  C:\Program Files (x86)\Intel RealSense SDK 2.0\third-party\opencv-3.4\\bin\x64\Debug\opencv_imgproc341d.dll
  C:\Program Files (x86)\Intel RealSense SDK 2.0\third-party\opencv-3.4\\bin\x64\Debug\opencv_ml341d.dll
  C:\Program Files (x86)\Intel RealSense SDK 2.0\third-party\opencv-3.4\\bin\x64\Debug\opencv_objdetect341d.dll
  C:\Program Files (x86)\Intel RealSense SDK 2.0\third-party\opencv-3.4\\bin\x64\Debug\opencv_photo341d.dll
  C:\Program Files (x86)\Intel RealSense SDK 2.0\third-party\opencv-3.4\\bin\x64\Debug\opencv_shape341d.dll
  C:\Program Files (x86)\Intel RealSense SDK 2.0\third-party\opencv-3.4\\bin\x64\Debug\opencv_stitching341d.dll
  C:\Program Files (x86)\Intel RealSense SDK 2.0\third-party\opencv-3.4\\bin\x64\Debug\opencv_superres341d.dll
  C:\Program Files (x86)\Intel RealSense SDK 2.0\third-party\opencv-3.4\\bin\x64\Debug\opencv_video341d.dll
  C:\Program Files (x86)\Intel RealSense SDK 2.0\third-party\opencv-3.4\\bin\x64\Debug\opencv_videoio341d.dll
  C:\Program Files (x86)\Intel RealSense SDK 2.0\third-party\opencv-3.4\\bin\x64\Debug\opencv_videostab341d.dll
  复制了 17 个文件
  C:\Program Files (x86)\Intel RealSense SDK 2.0\third-party\opencv-3.4\\data\MobileNetSSD_deploy.caffemodel
  C:\Program Files (x86)\Intel RealSense SDK 2.0\third-party\opencv-3.4\\data\MobileNetSSD_deploy.prototxt
  复制了 2 个文件
  C:\Program Files (x86)\Intel RealSense SDK 2.0\third-party\opencv-3.4\\data\MobileNetSSD_deploy.caffemodel
  C:\Program Files (x86)\Intel RealSense SDK 2.0\third-party\opencv-3.4\\data\MobileNetSSD_deploy.prototxt
  复制了 2 个文件
